<?xml version="1.0" encoding="UTF-8"?>
<!-- Generated by org.testng.reporters.JUnitReportReporter -->
<testsuite hostname="DESKTOP-I3MI7VO" failures="0" tests="2" name="com.Mystore.testcases.TC_1_Register_User" time="7.261" errors="0" timestamp="2025-09-11T18:09:32 IST" skipped="1">
  <testcase classname="com.Mystore.testcases.TC_1_Register_User" name="loginUser" time="7.261"/>
  <testcase classname="com.Mystore.testcases.TC_1_Register_User" name="verifyregistration">
    <skipped/>
  </testcase> <!-- verifyregistration -->
</testsuite> <!-- com.Mystore.testcases.TC_1_Register_User -->
