<?xml version="1.0" encoding="UTF-8"?>
<!-- Generated by org.testng.reporters.JUnitReportReporter -->
<testsuite hostname="DESKTOP-I3MI7VO" failures="0" tests="1" name="com.Mystore.testcases.TC_2_Add_Product_in_Cart" time="29.876" errors="0" timestamp="2025-09-19T20:29:24 IST" skipped="0">
  <testcase classname="com.Mystore.testcases.TC_2_Add_Product_in_Cart" name="Add_Product_in_Cart" time="29.876"/>
</testsuite> <!-- com.Mystore.testcases.TC_2_Add_Product_in_Cart -->
