<?xml version="1.0" encoding="UTF-8"?>
<!-- Generated by org.testng.reporters.JUnitReportReporter -->
<testsuite hostname="DESKTOP-I3MI7VO" failures="0" tests="3" name="com.Mystore.testcases.TC_1_Register_User2_Data_Drivin" time="13.080" errors="0" timestamp="2025-09-13T23:38:56 IST" skipped="1">
  <testcase classname="com.Mystore.testcases.TC_1_Register_User2_Data_Drivin" name="loginUser" time="6.912"/>
  <testcase classname="com.Mystore.testcases.TC_1_Register_User2_Data_Drivin" name="loginUser" time="6.168"/>
  <testcase classname="com.Mystore.testcases.TC_1_Register_User2_Data_Drivin" name="verifyregistration">
    <skipped/>
  </testcase> <!-- verifyregistration -->
</testsuite> <!-- com.Mystore.testcases.TC_1_Register_User2_Data_Drivin -->
