<?xml version="1.0" encoding="UTF-8"?>
<!-- Generated by org.testng.reporters.JUnitReportReporter -->
<testsuite hostname="DESKTOP-I3MI7VO" failures="0" tests="1" name="com.Mystore.testcases.TC__Login_User" time="3.957" errors="0" timestamp="2025-08-28T02:49:45 IST" skipped="0">
  <testcase classname="com.Mystore.testcases.TC__Login_User" name="verifyLogin" time="3.957"/>
</testsuite> <!-- com.Mystore.testcases.TC__Login_User -->
